<?xml version="1.0" encoding="UTF-8"?>
<testng-results ignored="0" total="2" passed="2" failed="0" skipped="0">
  <reporter-output>
  </reporter-output>
  <suite started-at="2025-08-03T16:49:59 GMT-04:00" name=" Master Suite" finished-at="2025-08-03T16:50:14 GMT-04:00" duration-ms="14936">
    <groups>
      <group name="Master">
        <method signature="TC_001_AccoutnRegistrationTest.verify_account_registration()[pri:0, instance:testCases.TC_001_AccoutnRegistrationTest@35e2d654]" name="verify_account_registration" class="testCases.TC_001_AccoutnRegistrationTest"/>
        <method signature="TC_002_LoginPageTest.verify_login()[pri:0, instance:testCases.TC_002_LoginPageTest@130d63be]" name="verify_login" class="testCases.TC_002_LoginPageTest"/>
      </group> <!-- Master -->
      <group name="Sanity">
        <method signature="TC_002_LoginPageTest.verify_login()[pri:0, instance:testCases.TC_002_LoginPageTest@130d63be]" name="verify_login" class="testCases.TC_002_LoginPageTest"/>
      </group> <!-- Sanity -->
      <group name="Regression">
        <method signature="TC_001_AccoutnRegistrationTest.verify_account_registration()[pri:0, instance:testCases.TC_001_AccoutnRegistrationTest@35e2d654]" name="verify_account_registration" class="testCases.TC_001_AccoutnRegistrationTest"/>
      </group> <!-- Regression -->
    </groups>
    <test started-at="2025-08-03T16:49:59 GMT-04:00" name="Test" finished-at="2025-08-03T16:50:14 GMT-04:00" duration-ms="14936">
      <class name="testCases.TC_002_LoginPageTest">
        <test-method is-config="true" signature="setUp(java.lang.String,java.lang.String)[pri:0, instance:testCases.TC_002_LoginPageTest@130d63be]" started-at="2025-08-03T16:50:09 GMT-04:00" name="setUp" finished-at="2025-08-03T16:50:12 GMT-04:00" duration-ms="3149" status="PASS">
          <params>
            <param index="0">
              <value>
                <![CDATA[Windows]]>
              </value>
            </param>
            <param index="1">
              <value>
                <![CDATA[Chrome]]>
              </value>
            </param>
          </params>
          <reporter-output>
          </reporter-output>
        </test-method> <!-- setUp -->
        <test-method signature="verify_login()[pri:0, instance:testCases.TC_002_LoginPageTest@130d63be]" started-at="2025-08-03T16:50:12 GMT-04:00" name="verify_login" finished-at="2025-08-03T16:50:14 GMT-04:00" duration-ms="2087" status="PASS">
          <reporter-output>
          </reporter-output>
        </test-method> <!-- verify_login -->
        <test-method is-config="true" signature="tearDown()[pri:0, instance:testCases.TC_002_LoginPageTest@130d63be]" started-at="2025-08-03T16:50:14 GMT-04:00" name="tearDown" finished-at="2025-08-03T16:50:14 GMT-04:00" duration-ms="177" status="PASS">
          <reporter-output>
          </reporter-output>
        </test-method> <!-- tearDown -->
      </class> <!-- testCases.TC_002_LoginPageTest -->
      <class name="testCases.TC_001_AccoutnRegistrationTest">
        <test-method is-config="true" signature="setUp(java.lang.String,java.lang.String)[pri:0, instance:testCases.TC_001_AccoutnRegistrationTest@35e2d654]" started-at="2025-08-03T16:49:59 GMT-04:00" name="setUp" finished-at="2025-08-03T16:50:06 GMT-04:00" duration-ms="6268" status="PASS">
          <params>
            <param index="0">
              <value>
                <![CDATA[Windows]]>
              </value>
            </param>
            <param index="1">
              <value>
                <![CDATA[Chrome]]>
              </value>
            </param>
          </params>
          <reporter-output>
          </reporter-output>
        </test-method> <!-- setUp -->
        <test-method signature="verify_account_registration()[pri:0, instance:testCases.TC_001_AccoutnRegistrationTest@35e2d654]" started-at="2025-08-03T16:50:06 GMT-04:00" name="verify_account_registration" finished-at="2025-08-03T16:50:08 GMT-04:00" duration-ms="2784" status="PASS">
          <reporter-output>
          </reporter-output>
        </test-method> <!-- verify_account_registration -->
        <test-method is-config="true" signature="tearDown()[pri:0, instance:testCases.TC_001_AccoutnRegistrationTest@35e2d654]" started-at="2025-08-03T16:50:08 GMT-04:00" name="tearDown" finished-at="2025-08-03T16:50:09 GMT-04:00" duration-ms="194" status="PASS">
          <reporter-output>
          </reporter-output>
        </test-method> <!-- tearDown -->
      </class> <!-- testCases.TC_001_AccoutnRegistrationTest -->
    </test> <!-- Test -->
  </suite> <!--  Master Suite -->
</testng-results>
