<?xml version="1.0" encoding="UTF-8"?>
<testng-results ignored="0" total="6" passed="6" failed="0" skipped="0">
  <reporter-output>
  </reporter-output>
  <suite started-at="2025-08-09T09:34:01 GMT-04:00" name=" Master Suite" finished-at="2025-08-09T09:35:00 GMT-04:00" duration-ms="59021">
    <groups>
      <group name="Master">
        <method signature="TC_001_AccoutnRegistrationTest.verify_account_registration()[pri:0, instance:testCases.TC_001_AccoutnRegistrationTest@7c6908d7]" name="verify_account_registration" class="testCases.TC_001_AccoutnRegistrationTest"/>
        <method signature="TC_002_LoginPageTest.verify_login()[pri:0, instance:testCases.TC_002_LoginPageTest@4e08711f]" name="verify_login" class="testCases.TC_002_LoginPageTest"/>
        <method signature="TC_001_AccoutnRegistrationTest.verify_account_registration()[pri:0, instance:testCases.TC_001_AccoutnRegistrationTest@5fbe4146]" name="verify_account_registration" class="testCases.TC_001_AccoutnRegistrationTest"/>
        <method signature="TC_002_LoginPageTest.verify_login()[pri:0, instance:testCases.TC_002_LoginPageTest@1e66f1f5]" name="verify_login" class="testCases.TC_002_LoginPageTest"/>
      </group> <!-- Master -->
      <group name="Sanity">
        <method signature="TC_002_LoginPageTest.verify_login()[pri:0, instance:testCases.TC_002_LoginPageTest@4e08711f]" name="verify_login" class="testCases.TC_002_LoginPageTest"/>
        <method signature="TC_004_Search.searchTest()[pri:0, instance:testCases.TC_004_Search@bcec361]" name="searchTest" class="testCases.TC_004_Search"/>
        <method signature="TC_002_LoginPageTest.verify_login()[pri:0, instance:testCases.TC_002_LoginPageTest@1e66f1f5]" name="verify_login" class="testCases.TC_002_LoginPageTest"/>
        <method signature="TC_004_Search.searchTest()[pri:0, instance:testCases.TC_004_Search@4e50c791]" name="searchTest" class="testCases.TC_004_Search"/>
      </group> <!-- Sanity -->
      <group name="Regression">
        <method signature="TC_001_AccoutnRegistrationTest.verify_account_registration()[pri:0, instance:testCases.TC_001_AccoutnRegistrationTest@7c6908d7]" name="verify_account_registration" class="testCases.TC_001_AccoutnRegistrationTest"/>
        <method signature="TC_001_AccoutnRegistrationTest.verify_account_registration()[pri:0, instance:testCases.TC_001_AccoutnRegistrationTest@5fbe4146]" name="verify_account_registration" class="testCases.TC_001_AccoutnRegistrationTest"/>
      </group> <!-- Regression -->
    </groups>
    <test started-at="2025-08-09T09:34:01 GMT-04:00" name="chromeTest" finished-at="2025-08-09T09:34:29 GMT-04:00" duration-ms="27764">
      <class name="testCases.TC_002_LoginPageTest">
        <test-method is-config="true" signature="setUp(java.lang.String,java.lang.String)[pri:0, instance:testCases.TC_002_LoginPageTest@4e08711f]" started-at="2025-08-09T09:34:14 GMT-04:00" name="setUp" finished-at="2025-08-09T09:34:18 GMT-04:00" duration-ms="4045" status="PASS">
          <params>
            <param index="0">
              <value>
                <![CDATA[Linux]]>
              </value>
            </param>
            <param index="1">
              <value>
                <![CDATA[chrome]]>
              </value>
            </param>
          </params>
          <reporter-output>
          </reporter-output>
        </test-method> <!-- setUp -->
        <test-method signature="verify_login()[pri:0, instance:testCases.TC_002_LoginPageTest@4e08711f]" started-at="2025-08-09T09:34:18 GMT-04:00" name="verify_login" finished-at="2025-08-09T09:34:22 GMT-04:00" duration-ms="3949" status="PASS">
          <reporter-output>
          </reporter-output>
        </test-method> <!-- verify_login -->
        <test-method is-config="true" signature="tearDown()[pri:0, instance:testCases.TC_002_LoginPageTest@4e08711f]" started-at="2025-08-09T09:34:22 GMT-04:00" name="tearDown" finished-at="2025-08-09T09:34:22 GMT-04:00" duration-ms="118" status="PASS">
          <reporter-output>
          </reporter-output>
        </test-method> <!-- tearDown -->
      </class> <!-- testCases.TC_002_LoginPageTest -->
      <class name="testCases.TC_004_Search">
        <test-method is-config="true" signature="setUp(java.lang.String,java.lang.String)[pri:0, instance:testCases.TC_004_Search@bcec361]" started-at="2025-08-09T09:34:22 GMT-04:00" name="setUp" finished-at="2025-08-09T09:34:27 GMT-04:00" duration-ms="5157" status="PASS">
          <params>
            <param index="0">
              <value>
                <![CDATA[Linux]]>
              </value>
            </param>
            <param index="1">
              <value>
                <![CDATA[chrome]]>
              </value>
            </param>
          </params>
          <reporter-output>
          </reporter-output>
        </test-method> <!-- setUp -->
        <test-method signature="searchTest()[pri:0, instance:testCases.TC_004_Search@bcec361]" started-at="2025-08-09T09:34:27 GMT-04:00" name="searchTest" finished-at="2025-08-09T09:34:29 GMT-04:00" duration-ms="1461" status="PASS">
          <reporter-output>
          </reporter-output>
        </test-method> <!-- searchTest -->
        <test-method is-config="true" signature="tearDown()[pri:0, instance:testCases.TC_004_Search@bcec361]" started-at="2025-08-09T09:34:29 GMT-04:00" name="tearDown" finished-at="2025-08-09T09:34:29 GMT-04:00" duration-ms="127" status="PASS">
          <reporter-output>
          </reporter-output>
        </test-method> <!-- tearDown -->
      </class> <!-- testCases.TC_004_Search -->
      <class name="testCases.TC_001_AccoutnRegistrationTest">
        <test-method is-config="true" signature="setUp(java.lang.String,java.lang.String)[pri:0, instance:testCases.TC_001_AccoutnRegistrationTest@7c6908d7]" started-at="2025-08-09T09:34:02 GMT-04:00" name="setUp" finished-at="2025-08-09T09:34:09 GMT-04:00" duration-ms="7565" status="PASS">
          <params>
            <param index="0">
              <value>
                <![CDATA[Linux]]>
              </value>
            </param>
            <param index="1">
              <value>
                <![CDATA[chrome]]>
              </value>
            </param>
          </params>
          <reporter-output>
          </reporter-output>
        </test-method> <!-- setUp -->
        <test-method signature="verify_account_registration()[pri:0, instance:testCases.TC_001_AccoutnRegistrationTest@7c6908d7]" started-at="2025-08-09T09:34:09 GMT-04:00" name="verify_account_registration" finished-at="2025-08-09T09:34:14 GMT-04:00" duration-ms="4628" status="PASS">
          <reporter-output>
          </reporter-output>
        </test-method> <!-- verify_account_registration -->
        <test-method is-config="true" signature="tearDown()[pri:0, instance:testCases.TC_001_AccoutnRegistrationTest@7c6908d7]" started-at="2025-08-09T09:34:14 GMT-04:00" name="tearDown" finished-at="2025-08-09T09:34:14 GMT-04:00" duration-ms="140" status="PASS">
          <reporter-output>
          </reporter-output>
        </test-method> <!-- tearDown -->
      </class> <!-- testCases.TC_001_AccoutnRegistrationTest -->
    </test> <!-- chromeTest -->
    <test started-at="2025-08-09T09:34:31 GMT-04:00" name="firefoxTest" finished-at="2025-08-09T09:35:00 GMT-04:00" duration-ms="29411">
      <class name="testCases.TC_002_LoginPageTest">
        <test-method is-config="true" signature="setUp(java.lang.String,java.lang.String)[pri:0, instance:testCases.TC_002_LoginPageTest@1e66f1f5]" started-at="2025-08-09T09:34:43 GMT-04:00" name="setUp" finished-at="2025-08-09T09:34:49 GMT-04:00" duration-ms="5694" status="PASS">
          <params>
            <param index="0">
              <value>
                <![CDATA[Linux]]>
              </value>
            </param>
            <param index="1">
              <value>
                <![CDATA[firefox]]>
              </value>
            </param>
          </params>
          <reporter-output>
          </reporter-output>
        </test-method> <!-- setUp -->
        <test-method signature="verify_login()[pri:0, instance:testCases.TC_002_LoginPageTest@1e66f1f5]" started-at="2025-08-09T09:34:49 GMT-04:00" name="verify_login" finished-at="2025-08-09T09:34:51 GMT-04:00" duration-ms="2118" status="PASS">
          <reporter-output>
          </reporter-output>
        </test-method> <!-- verify_login -->
        <test-method is-config="true" signature="tearDown()[pri:0, instance:testCases.TC_002_LoginPageTest@1e66f1f5]" started-at="2025-08-09T09:34:51 GMT-04:00" name="tearDown" finished-at="2025-08-09T09:34:52 GMT-04:00" duration-ms="818" status="PASS">
          <reporter-output>
          </reporter-output>
        </test-method> <!-- tearDown -->
      </class> <!-- testCases.TC_002_LoginPageTest -->
      <class name="testCases.TC_004_Search">
        <test-method is-config="true" signature="setUp(java.lang.String,java.lang.String)[pri:0, instance:testCases.TC_004_Search@4e50c791]" started-at="2025-08-09T09:34:52 GMT-04:00" name="setUp" finished-at="2025-08-09T09:34:57 GMT-04:00" duration-ms="5379" status="PASS">
          <params>
            <param index="0">
              <value>
                <![CDATA[Linux]]>
              </value>
            </param>
            <param index="1">
              <value>
                <![CDATA[firefox]]>
              </value>
            </param>
          </params>
          <reporter-output>
          </reporter-output>
        </test-method> <!-- setUp -->
        <test-method signature="searchTest()[pri:0, instance:testCases.TC_004_Search@4e50c791]" started-at="2025-08-09T09:34:57 GMT-04:00" name="searchTest" finished-at="2025-08-09T09:34:59 GMT-04:00" duration-ms="1935" status="PASS">
          <reporter-output>
          </reporter-output>
        </test-method> <!-- searchTest -->
        <test-method is-config="true" signature="tearDown()[pri:0, instance:testCases.TC_004_Search@4e50c791]" started-at="2025-08-09T09:34:59 GMT-04:00" name="tearDown" finished-at="2025-08-09T09:35:00 GMT-04:00" duration-ms="1280" status="PASS">
          <reporter-output>
          </reporter-output>
        </test-method> <!-- tearDown -->
      </class> <!-- testCases.TC_004_Search -->
      <class name="testCases.TC_001_AccoutnRegistrationTest">
        <test-method is-config="true" signature="setUp(java.lang.String,java.lang.String)[pri:0, instance:testCases.TC_001_AccoutnRegistrationTest@5fbe4146]" started-at="2025-08-09T09:34:31 GMT-04:00" name="setUp" finished-at="2025-08-09T09:34:38 GMT-04:00" duration-ms="6658" status="PASS">
          <params>
            <param index="0">
              <value>
                <![CDATA[Linux]]>
              </value>
            </param>
            <param index="1">
              <value>
                <![CDATA[firefox]]>
              </value>
            </param>
          </params>
          <reporter-output>
          </reporter-output>
        </test-method> <!-- setUp -->
        <test-method signature="verify_account_registration()[pri:0, instance:testCases.TC_001_AccoutnRegistrationTest@5fbe4146]" started-at="2025-08-09T09:34:38 GMT-04:00" name="verify_account_registration" finished-at="2025-08-09T09:34:42 GMT-04:00" duration-ms="4329" status="PASS">
          <reporter-output>
          </reporter-output>
        </test-method> <!-- verify_account_registration -->
        <test-method is-config="true" signature="tearDown()[pri:0, instance:testCases.TC_001_AccoutnRegistrationTest@5fbe4146]" started-at="2025-08-09T09:34:42 GMT-04:00" name="tearDown" finished-at="2025-08-09T09:34:43 GMT-04:00" duration-ms="1172" status="PASS">
          <reporter-output>
          </reporter-output>
        </test-method> <!-- tearDown -->
      </class> <!-- testCases.TC_001_AccoutnRegistrationTest -->
    </test> <!-- firefoxTest -->
  </suite> <!--  Master Suite -->
</testng-results>
