<?xml version="1.0" encoding="UTF-8"?>
<!-- Generated by org.testng.reporters.JUnitXMLReporter -->
<testsuite ignored="0" hostname="theVikas" failures="0" tests="3" name="chromeTest" time="27.764" errors="0" timestamp="2025-08-09T09:34:31 GMT-04:00">
  <testcase classname="testCases.TC_001_AccoutnRegistrationTest" name="verify_account_registration" time="4.628"/>
  <testcase classname="testCases.TC_002_LoginPageTest" name="verify_login" time="3.949"/>
  <testcase classname="testCases.TC_004_Search" name="searchTest" time="1.461"/>
</testsuite> <!-- chromeTest -->
