<?xml version="1.0" encoding="UTF-8"?>
<!-- Generated by org.testng.reporters.JUnitXMLReporter -->
<testsuite ignored="0" hostname="theVikas" failures="0" tests="3" name="firefoxTest" time="29.411" errors="0" timestamp="2025-08-09T09:35:02 GMT-04:00">
  <testcase classname="testCases.TC_001_AccoutnRegistrationTest" name="verify_account_registration" time="4.329"/>
  <testcase classname="testCases.TC_002_LoginPageTest" name="verify_login" time="2.118"/>
  <testcase classname="testCases.TC_004_Search" name="searchTest" time="1.935"/>
</testsuite> <!-- firefoxTest -->
